D:\DOCUMENTS\VISUAL STUDIO 2012\PROJECTS\SYSTEMINFORMATION\SYSTEMINFORMATION\DEBUG\SYSTEMINFORMATION.PCH
D:\DOCUMENTS\VISUAL STUDIO 2012\PROJECTS\SYSTEMINFORMATION\SYSTEMINFORMATION\DEBUG\STDAFX.OBJ
D:\DOCUMENTS\VISUAL STUDIO 2012\PROJECTS\SYSTEMINFORMATION\SYSTEMINFORMATION\DEBUG\VC110.PDB
D:\DOCUMENTS\VISUAL STUDIO 2012\PROJECTS\SYSTEMINFORMATION\SYSTEMINFORMATION\DEBUG\SYSTEMINFORMATION.OBJ
D:\DOCUMENTS\VISUAL STUDIO 2012\PROJECTS\SYSTEMINFORMATION\SYSTEMINFORMATION\DEBUG\SYSTEMINFORMATION.RES
d:\documents\visual studio 2012\Projects\SystemInformation\SystemInformation\Debug\stdafx.obj
d:\documents\visual studio 2012\Projects\SystemInformation\SystemInformation\Debug\SystemInformation.obj
d:\documents\visual studio 2012\Projects\SystemInformation\SystemInformation\Debug\cl.command.1.tlog
d:\documents\visual studio 2012\Projects\SystemInformation\SystemInformation\Debug\CL.read.1.tlog
d:\documents\visual studio 2012\Projects\SystemInformation\SystemInformation\Debug\CL.write.1.tlog
d:\documents\visual studio 2012\Projects\SystemInformation\SystemInformation\Debug\link-cvtres.read.1.tlog
d:\documents\visual studio 2012\Projects\SystemInformation\SystemInformation\Debug\link-cvtres.write.1.tlog
d:\documents\visual studio 2012\Projects\SystemInformation\SystemInformation\Debug\link-mt.read.1.tlog
d:\documents\visual studio 2012\Projects\SystemInformation\SystemInformation\Debug\link-mt.write.1.tlog
d:\documents\visual studio 2012\Projects\SystemInformation\SystemInformation\Debug\link-rc.read.1.tlog
d:\documents\visual studio 2012\Projects\SystemInformation\SystemInformation\Debug\link-rc.write.1.tlog
d:\documents\visual studio 2012\Projects\SystemInformation\SystemInformation\Debug\link.61236-cvtres.read.1.tlog
d:\documents\visual studio 2012\Projects\SystemInformation\SystemInformation\Debug\link.61236-cvtres.write.1.tlog
d:\documents\visual studio 2012\Projects\SystemInformation\SystemInformation\Debug\link.61236-rc.read.1.tlog
d:\documents\visual studio 2012\Projects\SystemInformation\SystemInformation\Debug\link.61236-rc.write.1.tlog
d:\documents\visual studio 2012\Projects\SystemInformation\SystemInformation\Debug\link.61236.read.1.tlog
d:\documents\visual studio 2012\Projects\SystemInformation\SystemInformation\Debug\link.61236.write.1.tlog
d:\documents\visual studio 2012\Projects\SystemInformation\SystemInformation\Debug\link.command.1.tlog
d:\documents\visual studio 2012\Projects\SystemInformation\SystemInformation\Debug\link.read.1.tlog
d:\documents\visual studio 2012\Projects\SystemInformation\SystemInformation\Debug\link.write.1.tlog
d:\documents\visual studio 2012\Projects\SystemInformation\SystemInformation\Debug\rc.command.1.tlog
d:\documents\visual studio 2012\Projects\SystemInformation\SystemInformation\Debug\rc.read.1.tlog
d:\documents\visual studio 2012\Projects\SystemInformation\SystemInformation\Debug\rc.write.1.tlog
d:\documents\visual studio 2012\Projects\SystemInformation\SystemInformation\Debug\SystemInformation.res
d:\documents\visual studio 2012\Projects\SystemInformation\SystemInformation\Debug\SystemInformation.pch
d:\documents\visual studio 2012\Projects\SystemInformation\SystemInformation\Debug\vc110.idb
d:\documents\visual studio 2012\Projects\SystemInformation\SystemInformation\Debug\vc110.pdb
d:\documents\visual studio 2012\Projects\SystemInformation\Debug\SystemInformation.pdb
